e:\airsim\droneworld\temp\droneworld\x64\debug\vc141.pdb
e:\airsim\droneworld\temp\droneworld\x64\debug\vc141.idb
e:\airsim\droneworld\temp\droneworld\x64\debug\drone.obj
e:\airsim\droneworld\temp\droneworld\x64\debug\image_record_component.obj
e:\airsim\droneworld\temp\droneworld\x64\debug\world.obj
e:\airsim\droneworld\temp\droneworld\x64\debug\main.obj
e:\airsim\droneworld\temp\droneworld\x64\debug\movement_component.obj
e:\airsim\droneworld\temp\droneworld\x64\debug\image_process_component.obj
e:\airsim\droneworld\temp\droneworld\x64\debug\communication_component.obj
e:\airsim\droneworld\temp\droneworld\x64\debug\base_component.obj
e:\airsim\droneworld\temp\droneworld\x64\debug\utility.obj
e:\airsim\droneworld\temp\droneworld\x64\debug\rpc_server.obj
e:\airsim\droneworld\build\x64\debug\droneworld.exe
e:\airsim\droneworld\build\x64\debug\droneworld.ilk
e:\airsim\droneworld\build\x64\debug\droneworld.pdb
e:\airsim\droneworld\temp\droneworld\x64\debug\droneworld.tlog\cl.command.1.tlog
e:\airsim\droneworld\temp\droneworld\x64\debug\droneworld.tlog\cl.read.1.tlog
e:\airsim\droneworld\temp\droneworld\x64\debug\droneworld.tlog\cl.write.1.tlog
e:\airsim\droneworld\temp\droneworld\x64\debug\droneworld.tlog\link.command.1.tlog
e:\airsim\droneworld\temp\droneworld\x64\debug\droneworld.tlog\link.read.1.tlog
e:\airsim\droneworld\temp\droneworld\x64\debug\droneworld.tlog\link.write.1.tlog
